c:\users\dielb\desktop\cmp505coursework\cmp505coursework\x64\debug\vc141.pdb
c:\users\dielb\desktop\cmp505coursework\cmp505coursework\x64\debug\vc141.idb
c:\users\dielb\desktop\cmp505coursework\cmp505coursework\x64\debug\utils.obj
c:\users\dielb\desktop\cmp505coursework\cmp505coursework\x64\debug\timer.obj
c:\users\dielb\desktop\cmp505coursework\cmp505coursework\x64\debug\skydomeshader.obj
c:\users\dielb\desktop\cmp505coursework\cmp505coursework\x64\debug\skydome.obj
c:\users\dielb\desktop\cmp505coursework\cmp505coursework\x64\debug\shadermanager.obj
c:\users\dielb\desktop\cmp505coursework\cmp505coursework\x64\debug\shader.obj
c:\users\dielb\desktop\cmp505coursework\cmp505coursework\x64\debug\txtmodel.obj
c:\users\dielb\desktop\cmp505coursework\cmp505coursework\x64\debug\mesh.obj
c:\users\dielb\desktop\cmp505coursework\cmp505coursework\x64\debug\lightshader.obj
c:\users\dielb\desktop\cmp505coursework\cmp505coursework\x64\debug\camera.obj
c:\users\dielb\desktop\cmp505coursework\cmp505coursework\x64\debug\resourcemanager.obj
c:\users\dielb\desktop\cmp505coursework\cmp505coursework\x64\debug\model.obj
c:\users\dielb\desktop\cmp505coursework\cmp505coursework\x64\debug\main.obj
c:\users\dielb\desktop\cmp505coursework\cmp505coursework\x64\debug\graphics.obj
c:\users\dielb\desktop\cmp505coursework\cmp505coursework\x64\debug\engine.obj
c:\users\dielb\desktop\cmp505coursework\x64\debug\lightinstancevertexshader.cso
c:\users\dielb\desktop\cmp505coursework\x64\debug\lightpixelshader.cso
c:\users\dielb\desktop\cmp505coursework\x64\debug\lightvertexshader.cso
c:\users\dielb\desktop\cmp505coursework\x64\debug\skydomepixelshader.cso
c:\users\dielb\desktop\cmp505coursework\x64\debug\skydomevertexshader.cso
c:\users\dielb\desktop\cmp505coursework\x64\debug\cmp505coursework.pdb
c:\users\dielb\desktop\cmp505coursework\cmp505coursework\x64\debug\cmp505coursework.tlog\cl.command.1.tlog
c:\users\dielb\desktop\cmp505coursework\cmp505coursework\x64\debug\cmp505coursework.tlog\cl.read.1.tlog
c:\users\dielb\desktop\cmp505coursework\cmp505coursework\x64\debug\cmp505coursework.tlog\cl.write.1.tlog
c:\users\dielb\desktop\cmp505coursework\cmp505coursework\x64\debug\cmp505coursework.tlog\fxc.command.1.tlog
c:\users\dielb\desktop\cmp505coursework\cmp505coursework\x64\debug\cmp505coursework.tlog\fxc.read.1.tlog
c:\users\dielb\desktop\cmp505coursework\cmp505coursework\x64\debug\cmp505coursework.tlog\fxc.write.1.tlog
c:\users\dielb\desktop\cmp505coursework\cmp505coursework\x64\debug\cmp505coursework.tlog\link-cvtres.read.1.tlog
c:\users\dielb\desktop\cmp505coursework\cmp505coursework\x64\debug\cmp505coursework.tlog\link-cvtres.write.1.tlog
c:\users\dielb\desktop\cmp505coursework\cmp505coursework\x64\debug\cmp505coursework.tlog\link-rc.read.1.tlog
c:\users\dielb\desktop\cmp505coursework\cmp505coursework\x64\debug\cmp505coursework.tlog\link-rc.write.1.tlog
c:\users\dielb\desktop\cmp505coursework\cmp505coursework\x64\debug\cmp505coursework.tlog\link.command.1.tlog
c:\users\dielb\desktop\cmp505coursework\cmp505coursework\x64\debug\cmp505coursework.tlog\link.read.1.tlog
c:\users\dielb\desktop\cmp505coursework\cmp505coursework\x64\debug\cmp505coursework.tlog\link.write.1.tlog
